xrun(64): 24.09-s008: (c) Copyright 1995-2025 Cadence Design Systems, Inc.
TOOL:	xrun(64)	24.09-s008: Started on Sep 28, 2025 at 23:50:56 +07
xrun
	-access +rwc
	-sv
	-linedebug
	-input run.tcl
	axi_ram.v
	controller.v
	Control_Unit.v
	DPRAM_IFM.v
	DPRAM.v
	FIFO_MAXPOOL_array.v
	FIFO.v
	Functional_Unit.v
	ifm_addr_controller.v
	ifm_FIFO_array.v
	ifm_FIFO.v
	MAXPOOL_FIFO_array.v
	MAXPOOL.v
	mult_fixpoint.v
	ofm_read_addr_controller.v
	ofm_write_addr_controller_1.v
	ofm_write_addr_controller_2.v
	PE_array.v
	PE_MAXPOOL_array.v
	PE.v
	systolic_array.v
	tb.v
	TOP.v
	wgt_addr_controller.v
	wgt_FIFO_array.v
	wrapper_ip.v
	AXI_master.sv
	FIFO.sv
xrun: *W,BADPRF: The -linedebug option may have an adverse performance impact.
file: axi_ram.v
	module worklib.axi_ram:v
		errors: 0, warnings: 0
file: controller.v
	module worklib.controller:v
		errors: 0, warnings: 0
file: Control_Unit.v
	module worklib.Control_Unit:v
		errors: 0, warnings: 0
file: DPRAM_IFM.v
	module worklib.DPRAM_IFM:v
		errors: 0, warnings: 0
file: DPRAM.v
	module worklib.DPRAM:v
		errors: 0, warnings: 0
file: FIFO_MAXPOOL_array.v
	module worklib.FIFO_MAXPOOL_array:v
		errors: 0, warnings: 0
file: FIFO.v
	module worklib.FIFO:v
		errors: 0, warnings: 0
file: Functional_Unit.v
	module worklib.Functional_Unit:v
		errors: 0, warnings: 0
file: ifm_addr_controller.v
	module worklib.ifm_addr_controller:v
		errors: 0, warnings: 0
file: ifm_FIFO_array.v
	module worklib.ifm_FIFO_array:v
		errors: 0, warnings: 0
file: ifm_FIFO.v
	module worklib.ifm_FIFO:v
		errors: 0, warnings: 0
file: MAXPOOL_FIFO_array.v
	module worklib.MAXPOOL_FIFO_array:v
		errors: 0, warnings: 0
file: MAXPOOL.v
	module worklib.MAXPOOL:v
		errors: 0, warnings: 0
file: mult_fixpoint.v
	module worklib.mult_fixpoint:v
		errors: 0, warnings: 0
file: ofm_read_addr_controller.v
	module worklib.ofm_read_addr_controller:v
		errors: 0, warnings: 0
file: ofm_write_addr_controller_1.v
	module worklib.ofm_write_addr_controller_1:v
		errors: 0, warnings: 0
file: ofm_write_addr_controller_2.v
	module worklib.ofm_write_addr_controller_2:v
		errors: 0, warnings: 0
file: PE_array.v
	module worklib.PE_array:v
		errors: 0, warnings: 0
file: PE_MAXPOOL_array.v
	module worklib.PE_MAXPOOL_array:v
		errors: 0, warnings: 0
file: PE.v
	module worklib.PE:v
		errors: 0, warnings: 0
file: systolic_array.v
	module worklib.SYSTOLIC_ARRAY_v1_0_M00_AXI:v
		errors: 0, warnings: 0
file: tb.v
	module worklib.tb:v
		errors: 0, warnings: 0
file: TOP.v
	module worklib.top_axi_master_slave:v
		errors: 0, warnings: 0
file: wgt_addr_controller.v
	module worklib.wgt_addr_controller:v
		errors: 0, warnings: 0
file: wgt_FIFO_array.v
	module worklib.wgt_FIFO_array:v
		errors: 0, warnings: 0
file: wrapper_ip.v
	module worklib.SYSTOLIC_ARRAY_v1_0:v
		errors: 0, warnings: 0
file: AXI_master.sv
	module worklib.AXI_MASTER_IF:sv
		errors: 0, warnings: 0
file: FIFO.sv
	module worklib.FIFO_OFM:sv
		errors: 0, warnings: 0
		Caching library 'worklib' ....... Done
	Elaborating the design hierarchy:
  ) u_slave (
          |
xmelab: *W,CUVWSP (./TOP.v,147|10): 2 output ports were not connected:
xmelab: (./axi_ram.v,67): s_axi_bid
xmelab: (./axi_ram.v,81): s_axi_rid

  ) u_slave (
          |
xmelab: *W,CUVWSI (./TOP.v,147|10): 6 input ports were not connected:
xmelab: (./axi_ram.v,57): s_axi_awlock
xmelab: (./axi_ram.v,58): s_axi_awcache
xmelab: (./axi_ram.v,59): s_axi_awprot
xmelab: (./axi_ram.v,76): s_axi_arlock
xmelab: (./axi_ram.v,77): s_axi_arcache
xmelab: (./axi_ram.v,78): s_axi_arprot

	) wrapper_ip
	           |
xmelab: *W,CUVWSP (./TOP.v,219|12): 4 output ports were not connected:
xmelab: (./wrapper_ip.v,85): ofm_size
xmelab: (./wrapper_ip.v,86): ofm_read_en
xmelab: (./wrapper_ip.v,87): ofm_addr_read
xmelab: (./wrapper_ip.v,88): ofm_data_read

	) SYSTOLIC_ARRAY_v1_0_M00_AXI_inst (
	                                 |
xmelab: *W,CUVWSP (./wrapper_ip.v,118|34): 1 output port was not connected:
xmelab: (./systolic_array.v,90): ofm_write_en

Control_Unit #(.NUM_LAYER (NUM_LAYER), .OFM_RAM_SIZE_1 (OFM_RAM_SIZE_1), .OFM_RAM_SIZE_2 (OFM_RAM_SIZE_2)) C_U (
                                                                                                             |
xmelab: *W,CUVWSP (./systolic_array.v,200|109): 1 output port was not connected:
xmelab: (./Control_Unit.v,27): num_tile_filter

  ) u_master         (
           |
xmelab: *W,CUVWSP (./systolic_array.v,252|11): 1 output port was not connected:
xmelab: (./AXI_master.sv,70): read_en_out

  ) u_master         (
           |
xmelab: *W,CUVWSI (./systolic_array.v,252|11): 1 input port was not connected:
xmelab: (./AXI_master.sv,72): ifm_size

	Top level design units:
		tb
    .s_axi_wstrb      ( WSTRB    ) ,
                            |
xmelab: *W,CUVMPW (./TOP.v,163|28): port sizes differ in port connection(16/1) for the instance(tb.top) .
		.m00_axi_awid        (AWID    ) ,
		                         |
xmelab: *W,CUVMPW (./TOP.v,227|27): port sizes differ in port connection(4/1) for the instance(tb.top) .
		.m00_axi_arid        (ARID   ) ,
		                         |
xmelab: *W,CUVMPW (./TOP.v,252|27): port sizes differ in port connection(4/1) for the instance(tb.top) .
	.ofm_addr         ( ofm_addr_b_1       ) ,
	                               |
xmelab: *W,CUVMPW (./Functional_Unit.v,364|32): port sizes differ in port connection(1/22) for the instance(tb.top.wrapper_ip.SYSTOLIC_ARRAY_v1_0_M00_AXI_inst.F_U) .
	.write_ofm_size   ( write_ofm_size_1   ) ,
	                                   |
xmelab: *W,CUVMPW (./Functional_Unit.v,365|36): port sizes differ in port connection(1/5) for the instance(tb.top.wrapper_ip.SYSTOLIC_ARRAY_v1_0_M00_AXI_inst.F_U) .
	.ofm_addr                  ( ofm_addr_a_1              ) ,
	                                        |
xmelab: *W,CUVMPW (./Functional_Unit.v,389|41): port sizes differ in port connection(1/22) for the instance(tb.top.wrapper_ip.SYSTOLIC_ARRAY_v1_0_M00_AXI_inst.F_U) .
    .WDATA_IN  ( ofm_data_write  ) ,
                              |
xmelab: *W,CUVMPW (./systolic_array.v,255|30): port sizes differ in port connection(256/128) for the instance(tb.top.wrapper_ip.SYSTOLIC_ARRAY_v1_0_M00_AXI_inst) .
    .M_AXI_AWID           ( M_AXI_AWID        ) , // to SLAVE 
                                     |
xmelab: *W,CUVMPW (./systolic_array.v,261|37): port sizes differ in port connection(1/4) for the instance(tb.top.wrapper_ip.SYSTOLIC_ARRAY_v1_0_M00_AXI_inst) .
    .M_AXI_ARID           ( M_AXI_ARID        ) ,// to SLAVE 
                                     |
xmelab: *W,CUVMPW (./systolic_array.v,282|37): port sizes differ in port connection(1/4) for the instance(tb.top.wrapper_ip.SYSTOLIC_ARRAY_v1_0_M00_AXI_inst) .
   .write_ofm_size(8           ) ,
                   |
xmelab: *W,CUVMPW (./systolic_array.v,324|19): port sizes differ in port connection(32/5) for the instance(tb.top.wrapper_ip.SYSTOLIC_ARRAY_v1_0_M00_AXI_inst) .
   .upsample_mode (0           ) ,
                   |
xmelab: *W,CUVMPW (./systolic_array.v,331|19): port sizes differ in port connection(32/1) for the instance(tb.top.wrapper_ip.SYSTOLIC_ARRAY_v1_0_M00_AXI_inst) .
    $readmemb ("output_128bit.bin", top.u_slave.mem,0);
                                                  |
xmelab: *W,MEMODR (./tb.v,125|50): $readmem default memory order incompatible with IEEE1364.
	$readmemb ("output_layer1_bin.txt", ofm_golden);
	                                             |
xmelab: *W,MEMODR (./tb.v,134|46): $readmem default memory order incompatible with IEEE1364.
	Building instance overlay tables: .................... Done
	Generating native compiled code:
		worklib.FIFO_OFM:sv <0x0f04628e>
			streams:  19, words:  7932
		worklib.Control_Unit:v <0x7c35c73c>
			streams:  15, words: 77081
		worklib.controller:v <0x52beb520>
			streams: 248, words: 152129
		worklib.FIFO:v <0x6971f3ea>
			streams:  10, words:  4568
		worklib.MAXPOOL:v <0x64646093>
			streams:   3, words:  1086
		worklib.mult_fixpoint:v <0x0856cd0b>
			streams:   5, words:  2923
		worklib.PE:v <0x1ffe04c1>
			streams:  10, words:  4928
		worklib.FIFO:v <0x5f8463b2>
			streams:  10, words:  4629
		worklib.FIFO:v <0x53d33ffc>
			streams:  10, words:  4158
		worklib.ifm_FIFO:v <0x6b59fbb2>
			streams:   7, words:  2584
		worklib.ofm_read_addr_controller:v <0x540ab6a9>
			streams:  60, words: 40388
		worklib.ofm_write_addr_controller_2:v <0x3c281c81>
			streams:  38, words: 21616
		worklib.ofm_read_addr_controller:v <0x12145b05>
			streams:  60, words: 41526
		worklib.ofm_write_addr_controller_1:v <0x4656741b>
			streams:  39, words: 25607
		worklib.wgt_addr_controller:v <0x1b907b39>
			streams:  22, words:  9852
		worklib.ifm_addr_controller:v <0x1aae0bf4>
			streams:  43, words: 18746
		worklib.Functional_Unit:v <0x3514f205>
			streams: 107, words: 60538
		worklib.SYSTOLIC_ARRAY_v1_0_M00_AXI:v <0x6d6f05e5>
			streams:   4, words:  1263
		worklib.SYSTOLIC_ARRAY_v1_0:v <0x60ee17ba>
			streams:   0, words:     0
		worklib.tb:v <0x3f6aaf31>
			streams:  12, words: 15593
		worklib.ifm_FIFO_array:v <0x16cdc841>
			streams:   8, words: 158123
		worklib.wgt_FIFO_array:v <0x14cfc82a>
			streams:   4, words: 20855
		worklib.PE_array:v <0x0bdb950b>
			streams:   4, words:  5353
		worklib.PE_MAXPOOL_array:v <0x2601ee00>
			streams:   2, words:  1135
		worklib.FIFO_MAXPOOL_array:v <0x625b1584>
			streams:   2, words:   868
		worklib.MAXPOOL_FIFO_array:v <0x173a6854>
			streams:   3, words:   770
		worklib.AXI_MASTER_IF:sv <0x57a21be3>
			streams: 112, words: 73367
		worklib.DPRAM_IFM:v <0x4f5eb13a>
			streams:  13, words:  6214
		worklib.axi_ram:v <0x5c976cef>
			streams:  80, words: 47155
		worklib.DPRAM:v <0x7ebe507d>
			streams:  10, words:  9948
		worklib.top_axi_master_slave:v <0x40000e13>
			streams:  30, words:  9193
		worklib.FIFO_OFM:sv <0x4d3b1bce>
			streams:  19, words:  9782
	Building instance specific data structures.
	.wr_inc       (wr_inc        ) ,
	                    |
xmelab: *W,CSINFI (./AXI_master.sv,734|21): implicit wire has no fanin (tb.top.wrapper_ip.SYSTOLIC_ARRAY_v1_0_M00_AXI_inst.u_master.wr_inc).
	.rd_inc       (rd_inc        ) ,
	                    |
xmelab: *W,CSINFI (./AXI_master.sv,733|21): implicit wire has no fanin (tb.top.wrapper_ip.SYSTOLIC_ARRAY_v1_0_M00_AXI_inst.u_master.rd_inc).
	.wr_clr       (wr_clr        ) ,
	                    |
xmelab: *W,CSINFI (./AXI_master.sv,732|21): implicit wire has no fanin (tb.top.wrapper_ip.SYSTOLIC_ARRAY_v1_0_M00_AXI_inst.u_master.wr_clr).
	.rd_clr       (rd_clr        ) ,
	                    |
xmelab: *W,CSINFI (./AXI_master.sv,731|21): implicit wire has no fanin (tb.top.wrapper_ip.SYSTOLIC_ARRAY_v1_0_M00_AXI_inst.u_master.rd_clr).
	Loading native compiled code:     .................... Done
	Design hierarchy summary:
		                    Instances  Unique
		Modules:                  649      28
		Registers:              1,594     300
		Scalar wires:             490       -
		Expanded wires:        23,673   1,209
		Vectored wires:         2,164       -
		Always blocks:            450      63
		Initial blocks:            34      34
		Cont. assignments:      1,845     172
		Pseudo assignments:     1,018       -
		Sparse arrays:              5       -
		Simulation timescale:     1ps
	Writing initial simulation snapshot: worklib.tb:v
Loading snapshot worklib.tb:v .................... Done
xcelium> source /Cadence/XCELIUM2409/tools/xcelium/files/xmsimrc
xcelium> database -open waves -shm
Created SHM database waves
xcelium> probe -create -all -depth all -database waves
Created probe 1
xcelium> run
Simulation interrupted at 0 FS + 0
./tb.v:133 initial begin
xcelium> ^C
xcelium> exit
TOOL:	xrun(64)	24.09-s008: Exiting on Sep 28, 2025 at 23:51:01 +07  (total: 00:00:05)
